2019-05-27 13:54:51,572 - yams - INFO - Starting up YAMS v0.69
2019-05-27 13:54:51,573 - yams - INFO - Connected to mpd, version: 0.21.6
2019-05-27 13:54:51,574 - yams - INFO - Wrote PID to file: /home/ben/.config/yams/yams.pid
2019-05-27 13:55:03,209 - yams - INFO - Received event in subsytem: ['player']
2019-05-27 13:55:04,603 - yams - INFO - Received state: play
2019-05-27 13:55:04,604 - yams - INFO - Playing It Ain't Easy, It Ain't Easy (feat. Flatbush ZOMBiES, Nyck Caution, Kirk Knight, CJ Fly & AK), 0/221s (0.0%)
2019-05-27 13:55:09,620 - yams - INFO - While the scrobbling threshold would normally be 50%, since we're starting at 5.2s (out of 221.0s, a.k.a. 2.3%), it's now 52.3%
2019-05-27 13:55:09,621 - yams - INFO - Starting to watch track: It Ain't Easy, It Ain't Easy (feat. Flatbush ZOMBiES, Nyck Caution, Kirk Knight, CJ Fly & AK), currently at: 5/221s (2.3%). Will scrobble in: 111s
2019-05-27 13:55:09,905 - yams - INFO - Now playing was a success!
2019-05-27 13:56:55,208 - yams - INFO - Scrobbling!
2019-05-27 13:56:55,754 - yams - INFO - Scrobbles accepted: 1
2019-05-27 13:56:55,754 - yams - INFO - Scrobbling was a success!
2019-05-27 13:58:50,084 - yams - INFO - While the scrobbling threshold would normally be 50%, since we're starting at 5.2s (out of 223.4s, a.k.a. 2.3%), it's now 52.3%
2019-05-27 13:58:50,084 - yams - INFO - Starting to watch track: Left Hand (feat. Joey Bada$$, Flatbush ZOMBiES, The Underachievers, Kirk Knight, Nyck Caution & CJ Fly), currently at: 5/223s (2.3%). Will scrobble in: 112s
2019-05-27 13:58:50,264 - yams - INFO - Now playing was a success!
2019-05-27 14:00:36,577 - yams - INFO - Scrobbling!
2019-05-27 14:00:36,736 - yams - INFO - Scrobbles accepted: 1
2019-05-27 14:00:36,736 - yams - INFO - Scrobbling was a success!
2019-05-27 14:02:34,079 - yams - INFO - While the scrobbling threshold would normally be 50%, since we're starting at 5.9s (out of 226.9s, a.k.a. 2.6%), it's now 52.6%
2019-05-27 14:02:34,079 - yams - INFO - Starting to watch track: Problemz (feat. Erick the Architect, CJ Fly, The Underachievers, Zombie Juice & Nyck Caution), currently at: 6/227s (2.6%). Will scrobble in: 113s
2019-05-27 14:02:34,238 - yams - INFO - Now playing was a success!
2019-05-27 14:04:22,545 - yams - INFO - Scrobbling!
2019-05-27 14:04:22,714 - yams - INFO - Scrobbles accepted: 1
2019-05-27 14:04:22,714 - yams - INFO - Scrobbling was a success!
2019-05-27 14:06:21,042 - yams - INFO - While the scrobbling threshold would normally be 50%, since we're starting at 5.9s (out of 188.1s, a.k.a. 3.1%), it's now 53.1%
2019-05-27 14:06:21,043 - yams - INFO - Starting to watch track: Far Away (feat. Kirk Knight, Meechy Darko, Erick the Architect, Nyck Caution & Joey Bada$$), currently at: 6/188s (3.1%). Will scrobble in: 94s
2019-05-27 14:06:21,206 - yams - INFO - Now playing was a success!
2019-05-27 14:07:49,445 - yams - INFO - Scrobbling!
2019-05-27 14:07:49,717 - yams - INFO - Scrobbles accepted: 1
2019-05-27 14:07:49,717 - yams - INFO - Scrobbling was a success!
2019-05-27 14:09:28,982 - yams - INFO - While the scrobbling threshold would normally be 50%, since we're starting at 6.0s (out of 278.5s, a.k.a. 2.1%), it's now 52.1%
2019-05-27 14:09:28,983 - yams - INFO - Starting to watch track: Snow In the Stadium (feat. Erick the Architect, Joey Bada$$, Meechy Darko, Kirk Knight, CJ Fly & Issa Gold), currently at: 6/278s (2.1%). Will scrobble in: 139s
2019-05-27 14:09:29,144 - yams - INFO - Now playing was a success!
2019-05-27 14:09:49,199 - yams - INFO - Received event in subsytem: ['player']
2019-05-27 14:09:49,200 - yams - INFO - Received state: pause
2019-05-27 14:11:06,887 - yams - INFO - Received event in subsytem: ['player']
2019-05-27 14:11:06,888 - yams - INFO - Received state: play
2019-05-27 14:11:06,889 - yams - INFO - Playing Snow In the Stadium (feat. Erick the Architect, Joey Bada$$, Meechy Darko, Kirk Knight, CJ Fly & Issa Gold), 25/278s (9.1%)
2019-05-27 14:11:06,891 - yams - INFO - Received event in subsytem: ['player']
2019-05-27 14:11:06,891 - yams - INFO - Received state: pause
2019-05-27 14:11:08,298 - yams - INFO - Received event in subsytem: ['player']
2019-05-27 14:11:08,299 - yams - INFO - Received state: play
2019-05-27 14:11:08,299 - yams - INFO - Playing Snow In the Stadium (feat. Erick the Architect, Joey Bada$$, Meechy Darko, Kirk Knight, CJ Fly & Issa Gold), 25/278s (9.1%)
2019-05-27 14:13:01,596 - yams - INFO - Scrobbling!
2019-05-27 14:13:02,020 - yams - INFO - Scrobbles accepted: 1
2019-05-27 14:13:02,020 - yams - INFO - Scrobbling was a success!
2019-05-27 14:15:26,404 - yams - INFO - While the scrobbling threshold would normally be 50%, since we're starting at 5.9s (out of 229.7s, a.k.a. 2.6%), it's now 52.6%
2019-05-27 14:15:26,404 - yams - INFO - Starting to watch track: Rubberband (feat. Joey Bada$$ & Flatbush ZOMBiES), currently at: 6/230s (2.6%). Will scrobble in: 115s
2019-05-27 14:15:26,612 - yams - INFO - Now playing was a success!
2019-05-27 14:15:46,673 - yams - INFO - Received event in subsytem: ['player']
2019-05-27 14:15:46,673 - yams - INFO - Received state: pause
2019-05-27 14:17:12,350 - yams - INFO - Received event in subsytem: ['player']
2019-05-27 14:17:12,350 - yams - INFO - Received state: play
2019-05-27 14:17:12,351 - yams - INFO - Playing Rubberband (feat. Joey Bada$$ & Flatbush ZOMBiES), 26/230s (11.2%)
2019-05-27 14:18:40,619 - yams - INFO - Scrobbling!
2019-05-27 14:18:40,788 - yams - INFO - Scrobbles accepted: 1
2019-05-27 14:18:40,789 - yams - INFO - Scrobbling was a success!
2019-05-27 14:20:41,150 - yams - INFO - While the scrobbling threshold would normally be 50%, since we're starting at 5.9s (out of 133.1s, a.k.a. 4.5%), it's now 54.5%
2019-05-27 14:20:41,150 - yams - INFO - Starting to watch track: Distance (feat. Joey Bada$$, Issa Gold & Erick the Architect), currently at: 6/133s (4.5%). Will scrobble in: 67s
2019-05-27 14:20:41,595 - yams - INFO - Now playing was a success!
2019-05-27 14:21:42,768 - yams - INFO - Scrobbling!
2019-05-27 14:21:42,928 - yams - INFO - Scrobbles accepted: 1
2019-05-27 14:21:42,928 - yams - INFO - Scrobbling was a success!
2019-05-27 14:22:54,131 - yams - INFO - While the scrobbling threshold would normally be 50%, since we're starting at 5.8s (out of 208.7s, a.k.a. 2.8%), it's now 52.8%
2019-05-27 14:22:54,131 - yams - INFO - Starting to watch track: Bones (feat. Flatbush ZOMBiES, The Underachievers, Nyck Caution & Kirk Knight), currently at: 6/209s (2.8%). Will scrobble in: 104s
2019-05-27 14:22:54,293 - yams - INFO - Now playing was a success!
2019-05-27 14:24:33,584 - yams - INFO - Scrobbling!
2019-05-27 14:24:34,147 - yams - INFO - Scrobbles accepted: 1
2019-05-27 14:24:34,148 - yams - INFO - Scrobbling was a success!
2019-05-27 14:26:22,470 - yams - INFO - While the scrobbling threshold would normally be 50%, since we're starting at 5.4s (out of 175.6s, a.k.a. 3.1%), it's now 53.1%
2019-05-27 14:26:22,471 - yams - INFO - Starting to watch track: Puke (feat. Nyck Caution, Erick the Architect, Meechy Darko, AK & Joey Bada$$), currently at: 5/176s (3.1%). Will scrobble in: 88s
2019-05-27 14:26:22,799 - yams - INFO - Now playing was a success!
2019-05-27 14:27:45,049 - yams - INFO - Scrobbling!
2019-05-27 14:27:45,214 - yams - INFO - Scrobbles accepted: 1
2019-05-27 14:27:45,214 - yams - INFO - Scrobbling was a success!
2019-05-27 14:29:18,489 - yams - INFO - While the scrobbling threshold would normally be 50%, since we're starting at 5.8s (out of 224.3s, a.k.a. 2.6%), it's now 52.6%
2019-05-27 14:29:18,489 - yams - INFO - Starting to watch track: Desperado (feat. Meechy Darko, Joey Bada$$, Zombie Juice & Kirk Knight), currently at: 6/224s (2.6%). Will scrobble in: 112s
2019-05-27 14:29:18,657 - yams - INFO - Now playing was a success!
2019-05-27 14:31:04,962 - yams - INFO - Scrobbling!
2019-05-27 14:31:05,235 - yams - INFO - Scrobbles accepted: 1
2019-05-27 14:31:05,235 - yams - INFO - Scrobbling was a success!
2019-05-27 14:33:02,554 - yams - INFO - While the scrobbling threshold would normally be 50%, since we're starting at 5.6s (out of 230.6s, a.k.a. 2.4%), it's now 52.4%
2019-05-27 14:33:02,555 - yams - INFO - Starting to watch track: One More Round (feat. Meechy Darko, Erick the Architect, Nyck Caution & Joey Bada$$), currently at: 6/231s (2.4%). Will scrobble in: 115s
2019-05-27 14:33:02,717 - yams - INFO - Now playing was a success!
2019-05-27 14:34:53,047 - yams - INFO - Scrobbling!
2019-05-27 14:34:53,558 - yams - INFO - Scrobbles accepted: 1
2019-05-27 14:34:53,558 - yams - INFO - Scrobbling was a success!
2019-05-27 14:36:52,911 - yams - INFO - While the scrobbling threshold would normally be 50%, since we're starting at 5.4s (out of 230.4s, a.k.a. 2.4%), it's now 52.4%
2019-05-27 14:36:52,911 - yams - INFO - Starting to watch track: Coast/Clear (feat. Joey Bada$$, Flatbush ZOMBiES, Kirk Knight, Nyck Caution & Issa Gold), currently at: 5/230s (2.4%). Will scrobble in: 115s
2019-05-27 14:36:53,147 - yams - INFO - Now playing was a success!
2019-05-27 14:38:43,473 - yams - INFO - Scrobbling!
2019-05-27 14:38:43,985 - yams - INFO - Scrobbles accepted: 1
2019-05-27 14:38:43,985 - yams - INFO - Scrobbling was a success!
2019-05-27 14:40:43,334 - yams - INFO - While the scrobbling threshold would normally be 50%, since we're starting at 5.4s (out of 235.5s, a.k.a. 2.3%), it's now 52.3%
2019-05-27 14:40:43,334 - yams - INFO - Starting to watch track: Last Choir (feat. Meechy Darko, Kirk Knight, Erick the Architect, Nyck Caution & AK), currently at: 5/236s (2.3%). Will scrobble in: 118s
2019-05-27 14:40:43,614 - yams - INFO - Now playing was a success!
2019-05-27 14:42:35,948 - yams - INFO - Scrobbling!
2019-05-27 14:42:36,115 - yams - INFO - Scrobbles accepted: 1
2019-05-27 14:42:36,115 - yams - INFO - Scrobbling was a success!
2019-05-27 14:44:33,463 - yams - INFO - Received event in subsytem: ['player']
2019-05-27 14:44:33,464 - yams - INFO - Received state: stop
