2019-05-01 21:59:39,092 - yams - INFO - Starting up YAMS v0.69
2019-05-01 21:59:39,093 - yams - INFO - Connected to mpd, version: 0.21.6
2019-05-01 21:59:39,094 - yams - INFO - Wrote PID to file: /home/ben/.config/yams/yams.pid
2019-05-01 22:09:14,019 - yams - INFO - Received event in subsytem: ['player']
2019-05-01 22:09:14,030 - yams - INFO - Received state: play
2019-05-01 22:09:14,030 - yams - INFO - Playing Off the Lot, 0/262s (0.0%)
2019-05-01 22:09:16,036 - yams - INFO - Received event in subsytem: ['player']
2019-05-01 22:09:16,037 - yams - INFO - Received state: pause
2019-05-01 22:09:23,125 - yams - INFO - Received event in subsytem: ['player']
2019-05-01 22:09:23,125 - yams - INFO - Received state: play
2019-05-01 22:09:23,126 - yams - INFO - Playing More, 1/62s (1.6%)
2019-05-01 22:09:28,142 - yams - INFO - While the scrobbling threshold would normally be 50%, since we're starting at 6.0s (out of 61.5s, a.k.a. 9.7%), it's now 59.7%
2019-05-01 22:09:28,142 - yams - INFO - Starting to watch track: More, currently at: 6/62s (9.7%). Will scrobble in: 31s
2019-05-01 22:09:28,630 - yams - INFO - Now playing was a success!
2019-05-01 22:09:53,698 - yams - INFO - Scrobbling!
2019-05-01 22:09:54,213 - yams - INFO - Scrobbles accepted: 1
2019-05-01 22:09:54,213 - yams - INFO - Scrobbling was a success!
2019-05-01 22:10:29,320 - yams - INFO - While the scrobbling threshold would normally be 50%, since we're starting at 5.8s (out of 182.8s, a.k.a. 3.2%), it's now 53.2%
2019-05-01 22:10:29,320 - yams - INFO - Starting to watch track: Kinfolk, currently at: 6/183s (3.2%). Will scrobble in: 91s
2019-05-01 22:10:29,806 - yams - INFO - Now playing was a success!
2019-05-01 22:11:55,063 - yams - INFO - Scrobbling!
2019-05-01 22:11:55,530 - yams - INFO - Scrobbles accepted: 1
2019-05-01 22:11:55,530 - yams - INFO - Scrobbling was a success!
2019-05-01 22:13:31,814 - yams - INFO - While the scrobbling threshold would normally be 50%, since we're starting at 5.6s (out of 193.4s, a.k.a. 2.9%), it's now 52.9%
2019-05-01 22:13:31,814 - yams - INFO - Starting to watch track: Highway 10, currently at: 6/193s (2.9%). Will scrobble in: 97s
2019-05-01 22:13:32,308 - yams - INFO - Now playing was a success!
2019-05-01 22:15:03,566 - yams - INFO - Scrobbling!
2019-05-01 22:15:04,041 - yams - INFO - Scrobbles accepted: 1
2019-05-01 22:15:04,041 - yams - INFO - Scrobbling was a success!
2019-05-01 22:16:45,310 - yams - INFO - While the scrobbling threshold would normally be 50%, since we're starting at 5.8s (out of 293.7s, a.k.a. 2.0%), it's now 52.0%
2019-05-01 22:16:45,310 - yams - INFO - Starting to watch track: Black Truck (Extended Version), currently at: 6/294s (2.0%). Will scrobble in: 147s
2019-05-01 22:16:45,795 - yams - INFO - Now playing was a success!
2019-05-01 22:19:07,188 - yams - INFO - Scrobbling!
2019-05-01 22:19:07,723 - yams - INFO - Scrobbles accepted: 1
2019-05-01 22:19:07,723 - yams - INFO - Scrobbling was a success!
2019-05-01 22:21:39,117 - yams - INFO - While the scrobbling threshold would normally be 50%, since we're starting at 5.8s (out of 95.1s, a.k.a. 6.1%), it's now 56.1%
2019-05-01 22:21:39,117 - yams - INFO - Starting to watch track: Dodging the Devil, currently at: 6/95s (6.1%). Will scrobble in: 48s
2019-05-01 22:21:39,638 - yams - INFO - Now playing was a success!
2019-05-01 22:22:20,748 - yams - WARNING - Can't scrobble yet, time elapsed (47.47066618347168s) < adjustted duration (47.5425s)
2019-05-01 22:22:21,752 - yams - INFO - Scrobbling!
2019-05-01 22:22:22,267 - yams - INFO - Scrobbles accepted: 1
2019-05-01 22:22:22,267 - yams - INFO - Scrobbling was a success!
2019-05-01 22:23:13,410 - yams - INFO - While the scrobbling threshold would normally be 50%, since we're starting at 5.2s (out of 242.9s, a.k.a. 2.1%), it's now 52.1%
2019-05-01 22:23:13,410 - yams - INFO - Starting to watch track: Heatwave (feat. 6lack), currently at: 5/243s (2.1%). Will scrobble in: 121s
2019-05-01 22:23:13,912 - yams - INFO - Now playing was a success!
2019-05-01 22:25:10,237 - yams - INFO - Scrobbling!
2019-05-01 22:25:10,761 - yams - INFO - Scrobbles accepted: 1
2019-05-01 22:25:10,761 - yams - INFO - Scrobbling was a success!
2019-05-01 22:27:16,083 - yams - INFO - While the scrobbling threshold would normally be 50%, since we're starting at 5.1s (out of 121.1s, a.k.a. 4.2%), it's now 54.2%
2019-05-01 22:27:16,083 - yams - INFO - Starting to watch track: Get Free, currently at: 5/121s (4.2%). Will scrobble in: 61s
2019-05-01 22:27:16,576 - yams - INFO - Now playing was a success!
2019-05-01 22:28:11,739 - yams - INFO - Scrobbling!
2019-05-01 22:28:12,224 - yams - INFO - Scrobbles accepted: 1
2019-05-01 22:28:12,224 - yams - INFO - Scrobbling was a success!
2019-05-01 22:29:27,449 - yams - INFO - While the scrobbling threshold would normally be 50%, since we're starting at 5.1s (out of 188.0s, a.k.a. 2.7%), it's now 52.7%
2019-05-01 22:29:27,449 - yams - INFO - Starting to watch track: My One, currently at: 5/188s (2.7%). Will scrobble in: 94s
2019-05-01 22:29:27,932 - yams - INFO - Now playing was a success!
2019-05-01 22:30:57,199 - yams - INFO - Scrobbling!
2019-05-01 22:30:57,702 - yams - INFO - Scrobbles accepted: 1
2019-05-01 22:30:57,702 - yams - INFO - Scrobbling was a success!
2019-05-01 22:32:35,994 - yams - INFO - While the scrobbling threshold would normally be 50%, since we're starting at 5.7s (out of 53.8s, a.k.a. 10.6%), it's now 60.6%
2019-05-01 22:32:35,994 - yams - INFO - Starting to watch track: On the Rocks, currently at: 6/54s (10.6%). Will scrobble in: 27s
2019-05-01 22:32:36,524 - yams - INFO - Now playing was a success!
2019-05-01 22:32:57,587 - yams - INFO - Scrobbling!
2019-05-01 22:32:58,070 - yams - INFO - Scrobbles accepted: 1
2019-05-01 22:32:58,070 - yams - INFO - Scrobbling was a success!
2019-05-01 22:33:29,160 - yams - INFO - While the scrobbling threshold would normally be 50%, since we're starting at 5.2s (out of 201.5s, a.k.a. 2.6%), it's now 52.6%
2019-05-01 22:33:29,160 - yams - INFO - Starting to watch track: Planet U, currently at: 5/202s (2.6%). Will scrobble in: 101s
2019-05-01 22:33:29,638 - yams - INFO - Now playing was a success!
2019-05-01 22:35:04,921 - yams - INFO - Scrobbling!
2019-05-01 22:35:05,401 - yams - INFO - Scrobbles accepted: 1
2019-05-01 22:35:05,401 - yams - INFO - Scrobbling was a success!
2019-05-01 22:36:50,704 - yams - INFO - While the scrobbling threshold would normally be 50%, since we're starting at 5.3s (out of 237.9s, a.k.a. 2.2%), it's now 52.2%
2019-05-01 22:36:50,705 - yams - INFO - Starting to watch track: Stay Tru, currently at: 5/238s (2.2%). Will scrobble in: 119s
2019-05-01 22:36:51,183 - yams - INFO - Now playing was a success!
